#
# A fatal error has been detected by the Java Runtime Environment:
#
#  EXCEPTION_ACCESS_VIOLATION (0xc0000005) at pc=0x00007ff87c5b1bc5, pid=20436, tid=20296
#
# JRE version:  (17.0.10+11) (build )
# Java VM: Java HotSpot(TM) 64-Bit Server VM (17.0.10+11-LTS-240, mixed mode, sharing, tiered, unknown gc, windows-amd64)
# Problematic frame:
# C  [jimage.dll+0x1bc5]
#
# No core dump will be written. Minidumps are not enabled by default on client versions of Windows
#
#

---------------  S U M M A R Y ------------

Command Line: 

Host: 11th Gen Intel(R) Core(TM) i5-1135G7 @ 2.40GHz, 8 cores, 7G,  Windows 10 , 64 bit Build 19041 (10.0.19041.1202)
Time: Thu Aug 22 23:18:51 2024 SE Asia Standard Time elapsed time: 0.396517 seconds (0d 0h 0m 0s)

---------------  T H R E A D  ---------------

Current thread is native thread

Stack: [0x0000002e8ea00000,0x0000002e8eb00000],  sp=0x0000002e8eafd730,  free space=1013k
Native frames: (J=compiled Java code, j=interpreted, Vv=VM code, C=native code)
C  [jimage.dll+0x1bc5]
C  [jimage.dll+0x1d53]
C  [jimage.dll+0x2619]
V  [jvm.dll+0x1f09da]
V  [jvm.dll+0xaf21e]
V  [jvm.dll+0x7891bc]
V  [jvm.dll+0x3eb30f]
V  [jvm.dll+0x3ecd91]
C  [jli.dll+0x5297]
C  [ucrtbase.dll+0x21bb2]
C  [KERNEL32.DLL+0x17034]
C  [ntdll.dll+0x52651]


siginfo: EXCEPTION_ACCESS_VIOLATION (0xc0000005), reading address 0x0000000000018fcc


Registers:
RAX=0x00000000000063ec, RBX=0x0000002e8eafd821, RCX=0x00007ff87c5b6000, RDX=0x00000000000063ec
RSP=0x0000002e8eafd730, RBP=0x0000002e8eafd820, RSI=0x00000000000071fc, RDI=0x0000002e8eafd820
R8 =0x00007ff87c5b4298, R9 =0x000000000000001c, R10=0x00007ff866d70000, R11=0x00007ff87c5b6000
R12=0x0000000000000000, R13=0x000001c7b995e2c0, R14=0x0000002e8eafe890, R15=0x00007ff81fa8c378
RIP=0x00007ff87c5b1bc5, EFLAGS=0x0000000000010246


Top of Stack: (sp=0x0000002e8eafd730)
0x0000002e8eafd730:   000000000000000b 00000000000003ff
0x0000002e8eafd740:   000001c7bbb55f00 0000002e8eafd8a0
0x0000002e8eafd750:   000001c7b996a280 00007ff87c5b1d53
0x0000002e8eafd760:   000000000000000b 000001c7b996a280
0x0000002e8eafd770:   0000002e8eafd7c1 0000000000000101
0x0000002e8eafd780:   00000000000006f5 000001c7b9940150
0x0000002e8eafd790:   00000000000006f5 00000000000006f5
0x0000002e8eafd7a0:   00000000000006f5 000001c7da0004de
0x0000002e8eafd7b0:   000001c7b994d480 00007ff8a0dae249
0x0000002e8eafd7c0:   00005806cd46d80f 00000000da0004de
0x0000002e8eafd7d0:   00007ff81fa6af00 0000000000000017
0x0000002e8eafd7e0:   000001c7b996a280 0000002e8eafe890
0x0000002e8eafd7f0:   000000000000000b 00007ff87c5b2619
0x0000002e8eafd800:   000001c7bbc50070 000001c7bbc50000
0x0000002e8eafd810:   000001c7b9940000 000001c7da0004de
0x0000002e8eafd820:   61622e6176616a2f 692f6b646a2f6573 

Instructions: (pc=0x00007ff87c5b1bc5)
0x00007ff87c5b1ac5:   48 85 c9 74 1d 80 3d 3f 45 00 00 00 74 06 48 8b
0x00007ff87c5b1ad5:   53 18 eb 04 48 8b 53 40 e8 96 0e 00 00 48 83 63
0x00007ff87c5b1ae5:   48 00 8b 4b 0c 83 f9 ff 74 09 e8 cc 0c 00 00 83
0x00007ff87c5b1af5:   4b 0c ff 48 8b 4b 70 48 85 c9 74 0f ba 10 00 00
0x00007ff87c5b1b05:   00 e8 ed 0e 00 00 48 83 63 70 00 48 83 c4 20 5b
0x00007ff87c5b1b15:   c3 cc cc 40 53 48 83 ec 20 48 8b d9 48 8d 0d f8
0x00007ff87c5b1b25:   46 00 00 e8 9b 0c 00 00 83 6b 08 01 75 24 48 8b
0x00007ff87c5b1b35:   d3 48 8d 0d db 44 00 00 e8 22 08 00 00 48 8b cb
0x00007ff87c5b1b45:   e8 d6 fe ff ff ba 78 00 00 00 48 8b cb e8 a1 0e
0x00007ff87c5b1b55:   00 00 48 8d 0d c2 46 00 00 48 83 c4 20 5b e9 68
0x00007ff87c5b1b65:   0c 00 00 48 89 5c 24 08 48 89 74 24 10 57 48 83
0x00007ff87c5b1b75:   ec 20 41 8b f1 4d 8b c8 48 8b fa 4c 8b d9 4d 85
0x00007ff87c5b1b85:   c0 74 78 85 f6 74 74 44 8a 12 48 8d 5a 01 48 8b
0x00007ff87c5b1b95:   d3 b8 93 01 00 01 eb 12 69 c0 93 01 00 01 41 0f
0x00007ff87c5b1ba5:   b6 ca 44 8a 12 33 c1 48 ff c2 45 84 d2 75 e9 4d
0x00007ff87c5b1bb5:   8b 03 0f ba f0 1f 33 d2 49 8b cb f7 f6 48 63 c2
0x00007ff87c5b1bc5:   41 8b 14 81 41 ff 50 08 85 c0 7e 24 8a 0f eb 10
0x00007ff87c5b1bd5:   69 c0 93 01 00 01 0f b6 c9 33 c1 8a 0b 48 ff c3
0x00007ff87c5b1be5:   84 c9 75 ec 0f ba f0 1f 33 d2 f7 f6 8b c2 eb 0e
0x00007ff87c5b1bf5:   79 09 83 c9 ff 2b c8 8b c1 eb 03 83 c8 ff 48 8b
0x00007ff87c5b1c05:   5c 24 30 48 8b 74 24 38 48 83 c4 20 5f c3 cc 48
0x00007ff87c5b1c15:   89 5c 24 08 48 89 74 24 10 57 48 83 ec 20 48 8b
0x00007ff87c5b1c25:   f1 48 8d 0d f3 45 00 00 e8 96 0b 00 00 33 ff 39
0x00007ff87c5b1c35:   3d de 43 00 00 76 24 48 8b 05 dd 43 00 00 48 8b
0x00007ff87c5b1c45:   d6 48 8b 1c f8 48 8b 0b e8 68 1e 00 00 85 c0 74
0x00007ff87c5b1c55:   2b ff c7 3b 3d ba 43 00 00 72 dc 33 db 48 8d 0d
0x00007ff87c5b1c65:   b7 45 00 00 e8 62 0b 00 00 48 8b 74 24 38 48 8b
0x00007ff87c5b1c75:   c3 48 8b 5c 24 30 48 83 c4 20 5f c3 ff 43 08 eb
0x00007ff87c5b1c85:   dc cc cc 48 89 5c 24 08 48 89 74 24 10 57 48 83
0x00007ff87c5b1c95:   ec 20 48 8b d9 48 8b f2 48 8b 49 10 49 8b f8 8b
0x00007ff87c5b1ca5:   53 30 48 8b 01 ff 50 20 4c 8b 43 50 48 8b d6 48
0x00007ff87c5b1cb5:   8b 4b 10 44 8b c8 e8 a8 fe ff ff 83 f8 ff 74 38 



---------------  P R O C E S S  ---------------

VM state: not at safepoint (not fully initialized)

VM Mutex/Monitor currently owned by a thread: None

GC Precious Log:
<Not initialized>


Dynamic libraries:
0x00007ff7dc520000 - 0x00007ff7dc530000 	C:\Program Files\Java\jdk-17\bin\java.exe
0x00007ff8a0d90000 - 0x00007ff8a0f85000 	C:\Windows\SYSTEM32\ntdll.dll
0x00007ff89f260000 - 0x00007ff89f31e000 	C:\Windows\System32\KERNEL32.DLL
0x00007ff89e630000 - 0x00007ff89e8f9000 	C:\Windows\System32\KERNELBASE.dll
0x00007ff89e530000 - 0x00007ff89e630000 	C:\Windows\System32\ucrtbase.dll
0x00007ff866ce0000 - 0x00007ff866cf9000 	C:\Program Files\Java\jdk-17\bin\jli.dll
0x00007ff89f450000 - 0x00007ff89f4fc000 	C:\Windows\System32\ADVAPI32.dll
0x00007ff8a0270000 - 0x00007ff8a030e000 	C:\Windows\System32\msvcrt.dll
0x00007ff8a0c00000 - 0x00007ff8a0c9b000 	C:\Windows\System32\sechost.dll
0x00007ff89f320000 - 0x00007ff89f44a000 	C:\Windows\System32\RPCRT4.dll
0x00007ff89f500000 - 0x00007ff89f6a1000 	C:\Windows\System32\USER32.dll
0x00007ff89e500000 - 0x00007ff89e522000 	C:\Windows\System32\win32u.dll
0x00007ff8a0d10000 - 0x00007ff8a0d3b000 	C:\Windows\System32\GDI32.dll
0x00007ff89e960000 - 0x00007ff89ea6b000 	C:\Windows\System32\gdi32full.dll
0x00007ff89ec00000 - 0x00007ff89ec9d000 	C:\Windows\System32\msvcp_win.dll
0x00007ff866d70000 - 0x00007ff866d8b000 	C:\Program Files\Java\jdk-17\bin\VCRUNTIME140.dll
0x00007ff887040000 - 0x00007ff8872da000 	C:\Windows\WinSxS\amd64_microsoft.windows.common-controls_6595b64144ccf1df_6.0.19041.1110_none_60b5254171f9507e\COMCTL32.dll
0x00007ff891b40000 - 0x00007ff891b4a000 	C:\Windows\SYSTEM32\VERSION.dll
0x00007ff89f8f0000 - 0x00007ff89f920000 	C:\Windows\System32\IMM32.DLL
0x00007ff883fb0000 - 0x00007ff883fbc000 	C:\Program Files\Java\jdk-17\bin\vcruntime140_1.dll
0x00007ff842c70000 - 0x00007ff842cfe000 	C:\Program Files\Java\jdk-17\bin\msvcp140.dll
0x00007ff81f1b0000 - 0x00007ff81fd8f000 	C:\Program Files\Java\jdk-17\bin\server\jvm.dll
0x00007ff8a0d40000 - 0x00007ff8a0d48000 	C:\Windows\System32\PSAPI.DLL
0x00007ff894220000 - 0x00007ff894229000 	C:\Windows\SYSTEM32\WSOCK32.dll
0x00007ff8a0ca0000 - 0x00007ff8a0d0b000 	C:\Windows\System32\WS2_32.dll
0x00007ff88f960000 - 0x00007ff88f987000 	C:\Windows\SYSTEM32\WINMM.dll
0x00007ff89cd30000 - 0x00007ff89cd42000 	C:\Windows\SYSTEM32\kernel.appcore.dll
0x00007ff87c5b0000 - 0x00007ff87c5ba000 	C:\Program Files\Java\jdk-17\bin\jimage.dll
0x00007ff89bb30000 - 0x00007ff89bd14000 	C:\Windows\SYSTEM32\DBGHELP.DLL
0x00007ff887500000 - 0x00007ff88752c000 	C:\Windows\SYSTEM32\dbgcore.DLL
0x00007ff89eca0000 - 0x00007ff89ed23000 	C:\Windows\System32\bcryptPrimitives.dll

dbghelp: loaded successfully - version: 4.0.5 - missing functions: none
symbol engine: initialized successfully - sym options: 0x614 - pdb path: .;C:\Program Files\Java\jdk-17\bin;C:\Windows\SYSTEM32;C:\Windows\WinSxS\amd64_microsoft.windows.common-controls_6595b64144ccf1df_6.0.19041.1110_none_60b5254171f9507e;C:\Program Files\Java\jdk-17\bin\server

VM Arguments:
java_command: <unknown>
java_class_path (initial): <not set>
Launcher Type: SUN_STANDARD

[Global flags]
     bool UseLargePagesIndividualAllocation        = false                                  {pd product} {ergonomic}

Logging:
Log output configuration:
 #0: stdout all=warning uptime,level,tags
 #1: stderr all=off uptime,level,tags

Environment Variables:
JAVA_HOME=C:\Program Files\Java\jdk-17
CLASSPATH=D:\Belajar-React-Native\NewProject\android\\gradle\wrapper\gradle-wrapper.jar
PATH=D:\Belajar-React-Native\NewProject\node_modules\.bin;D:\Belajar-React-Native\NewProject\node_modules\.bin;D:\Belajar-React-Native\node_modules\.bin;D:\node_modules\.bin;C:\Users\asus\AppData\Roaming\npm\node_modules\npm\node_modules\@npmcli\run-script\lib\node-gyp-bin;D:\Belajar-React-Native\NewProject\node_modules\.bin;D:\Belajar-React-Native\node_modules\.bin;D:\node_modules\.bin;C:\Users\asus\AppData\Roaming\npm\node_modules\npm\node_modules\@npmcli\run-script\lib\node-gyp-bin;C:\Program Files\Common Files\Oracle\Java\javapath;C:\Program Files\Microsoft\jdk-11.0.16.101-hotspot\bin;%INTEL_DEV_REDIST%redist\intel64\compiler;C:\Windows\system32;C:\Windows;C:\Windows\System32\Wbem;C:\Windows\System32\WindowsPowerShell\v1.0\;C:\Windows\System32\OpenSSH\;C:\Program Files (x86)\NVIDIA Corporation\PhysX\Common;C:\ProgramData\chocolatey\bin;C:\Program Files\Android\Android Studio\jbr\bin;C:\Program Files\Git\cmd;C:\xampp\php;C:\Program Files\Microsoft VS Code\bin;C:\Program Files (x86)\Microsoft SQL Server\100\Tools\Binn\;C:\Program Files\Microsoft SQL Server\100\Tools\Binn\;C:\Program Files\Microsoft SQL Server\100\DTS\Binn\;C:\src\flutter\bin;C:\Program Files\Microsoft\jdk-11.0.16.101-hotspot\bin;%INTEL_DEV_REDIST%redist\intel64\compiler;C:\Windows\system32;C:\Windows;C:\Windows\System32\Wbem;C:\Windows\System32\WindowsPowerShell\v1.0\;C:\Windows\System32\OpenSSH\;C:\Program Files (x86)\NVIDIA Corporation\PhysX\Common;C:\ProgramData\chocolatey\bin;C:\Program Files\Java\jdk-17\bin;C:\Program Files\Git\cmd;C:\xampp\php;C:\Program Files\Microsoft VS Code\bin;C:\Program Files (x86)\Microsoft SQL Server\100\Tools\Binn\;C:\Program Files\Microsoft SQL Server\100\Tools\Binn\;C:\Program Files\Microsoft SQL Server\100\DTS\Binn\;C:\src\flutter\bin;C:\Program Files\Java\jdk-17\bin;C:\Program Files (x86)\Common Files\Intel\Shared Libraries\redist\intel64\compiler;C:\Windows\system32;C:\Windows;C:\Windows\System32\Wbem;C:\Windows\System32\WindowsPowerShell\v1.0\;C:\Windows\System32
USERNAME=asus
LANG=en_US.UTF-8
OS=Windows_NT
PROCESSOR_IDENTIFIER=Intel64 Family 6 Model 140 Stepping 1, GenuineIntel



---------------  S Y S T E M  ---------------

OS:
 Windows 10 , 64 bit Build 19041 (10.0.19041.1202)
OS uptime: 1 days 9:41 hours

CPU: total 8 (initial active 0) 

Memory: 4k page, system-wide physical 7873M (228M free)
TotalPageFile size 21873M (AvailPageFile size 199M)
current process WorkingSet (physical memory assigned to process): 7M, peak: 7M
current process commit charge ("private bytes"): 3M, peak: 3M

vm_info: Java HotSpot(TM) 64-Bit Server VM (17.0.10+11-LTS-240) for windows-amd64 JRE (17.0.10+11-LTS-240), built on Dec 19 2023 21:47:25 by "mach5one" with MS VC++ 17.1 (VS2022)

END.
